生成启动时间为 2020/6/3 0:40:07。
     1>项目“F:\SISTER\GG\VS SOMETHING 123456\api\LoadFile\LoadFile.vcxproj”在节点 2 上(build 个目标)。
     1>InitializeBuildStatus:
         正在创建“Debug\LoadFile.unsuccessfulbuild”，因为已指定“AlwaysCreate”。
       ClCompile:
         F:\姐的东西\研究生\VC\bin\CL.exe /c /ZI /nologo /W3 /WX- /Od /Oy- /D WIN32 /D _DEBUG /D _WINDOWS /D _UNICODE /D UNICODE /Gm /EHsc /RTC1 /MDd /GS /fp:precise /Zc:wchar_t /Zc:forScope /Fo"Debug\\" /Fd"Debug\vc100.pdb" /Gd /TP /analyze- /errorReport:prompt loadfile.cpp
         loadfile.cpp
       ManifestResourceCompile:
         所有输出均为最新。
       Link:
         F:\姐的东西\研究生\VC\bin\link.exe /ERRORREPORT:PROMPT /OUT:"F:\SISTER\GG\VS SOMETHING 123456\api\Debug\LoadFile.exe" /INCREMENTAL /NOLOGO kernel32.lib user32.lib gdi32.lib winspool.lib comdlg32.lib advapi32.lib shell32.lib ole32.lib oleaut32.lib uuid.lib odbc32.lib odbccp32.lib /MANIFEST /ManifestFile:"Debug\LoadFile.exe.intermediate.manifest" /MANIFESTUAC:"level='asInvoker' uiAccess='false'" /DEBUG /PDB:"F:\SISTER\GG\VS SOMETHING 123456\api\Debug\LoadFile.pdb" /SUBSYSTEM:WINDOWS /TLBID:1 /DYNAMICBASE /NXCOMPAT /IMPLIB:"F:\SISTER\GG\VS SOMETHING 123456\api\Debug\LoadFile.lib" /MACHINE:X86 Debug\LoadFile.exe.embed.manifest.res
         Debug\loadfile.obj
       Manifest:
         C:\Program Files (x86)\Microsoft SDKs\Windows\v7.0A\bin\mt.exe /nologo /verbose /out:"Debug\LoadFile.exe.embed.manifest" /manifest Debug\LoadFile.exe.intermediate.manifest
         所有输出均为最新。
       LinkEmbedManifest:
         所有输出均为最新。
         LoadFile.vcxproj -> F:\SISTER\GG\VS SOMETHING 123456\api\Debug\LoadFile.exe
       FinalizeBuildStatus:
         正在删除文件“Debug\LoadFile.unsuccessfulbuild”。
         正在对“Debug\LoadFile.lastbuildstate”执行 Touch 任务。
     1>已完成生成项目“F:\SISTER\GG\VS SOMETHING 123456\api\LoadFile\LoadFile.vcxproj”(build 个目标)的操作。

生成成功。

已用时间 00:00:01.29
